G:\VS2012_PRJ\CHESSBOARD\CHESSBOARD\DEBUG\CHESSBOARD.PCH
G:\VS2012_PRJ\CHESSBOARD\CHESSBOARD\DEBUG\STDAFX.OBJ
G:\VS2012_PRJ\CHESSBOARD\CHESSBOARD\DEBUG\VC110.PDB
G:\VS2012_PRJ\CHESSBOARD\CHESSBOARD\DEBUG\CHESSBOARD.OBJ
G:\VS2012_PRJ\CHESSBOARD\CHESSBOARD\DEBUG\CHESSBOARDDOC.OBJ
G:\VS2012_PRJ\CHESSBOARD\CHESSBOARD\DEBUG\CHESSBOARDVIEW.OBJ
G:\VS2012_PRJ\CHESSBOARD\CHESSBOARD\DEBUG\CLASSVIEW.OBJ
G:\VS2012_PRJ\CHESSBOARD\CHESSBOARD\DEBUG\FILEVIEW.OBJ
G:\VS2012_PRJ\CHESSBOARD\CHESSBOARD\DEBUG\MAINFRM.OBJ
G:\VS2012_PRJ\CHESSBOARD\CHESSBOARD\DEBUG\OUTPUTWND.OBJ
G:\VS2012_PRJ\CHESSBOARD\CHESSBOARD\DEBUG\PROPERTIESWND.OBJ
G:\VS2012_PRJ\CHESSBOARD\CHESSBOARD\DEBUG\VIEWTREE.OBJ
G:\VS2012_PRJ\CHESSBOARD\DEBUG\CHESSBOARD.ILK
G:\VS2012_PRJ\CHESSBOARD\DEBUG\CHESSBOARD.EXE
G:\VS2012_PRJ\CHESSBOARD\DEBUG\CHESSBOARD.PDB
G:\VS2012_PRJ\CHESSBOARD\CHESSBOARD\DEBUG\CHESSBOARD.RES
G:\vs2012_prj\chessboard\chessboard\Debug\chessboard.obj
G:\vs2012_prj\chessboard\chessboard\Debug\chessboardDoc.obj
G:\vs2012_prj\chessboard\chessboard\Debug\chessboardView.obj
G:\vs2012_prj\chessboard\chessboard\Debug\ClassView.obj
G:\vs2012_prj\chessboard\chessboard\Debug\FileView.obj
G:\vs2012_prj\chessboard\chessboard\Debug\MainFrm.obj
G:\vs2012_prj\chessboard\chessboard\Debug\OutputWnd.obj
G:\vs2012_prj\chessboard\chessboard\Debug\PropertiesWnd.obj
G:\vs2012_prj\chessboard\chessboard\Debug\stdafx.obj
G:\vs2012_prj\chessboard\chessboard\Debug\ViewTree.obj
G:\vs2012_prj\chessboard\chessboard\Debug\cl.command.1.tlog
G:\vs2012_prj\chessboard\chessboard\Debug\CL.read.1.tlog
G:\vs2012_prj\chessboard\chessboard\Debug\CL.write.1.tlog
G:\vs2012_prj\chessboard\chessboard\Debug\link-cvtres.read.1.tlog
G:\vs2012_prj\chessboard\chessboard\Debug\link-cvtres.write.1.tlog
G:\vs2012_prj\chessboard\chessboard\Debug\link-mt.read.1.tlog
G:\vs2012_prj\chessboard\chessboard\Debug\link-mt.write.1.tlog
G:\vs2012_prj\chessboard\chessboard\Debug\link-rc.read.1.tlog
G:\vs2012_prj\chessboard\chessboard\Debug\link-rc.write.1.tlog
G:\vs2012_prj\chessboard\chessboard\Debug\link.13080-cvtres.read.1.tlog
G:\vs2012_prj\chessboard\chessboard\Debug\link.13080-cvtres.write.1.tlog
G:\vs2012_prj\chessboard\chessboard\Debug\link.13080-mt.read.1.tlog
G:\vs2012_prj\chessboard\chessboard\Debug\link.13080-mt.write.1.tlog
G:\vs2012_prj\chessboard\chessboard\Debug\link.13080-rc.read.1.tlog
G:\vs2012_prj\chessboard\chessboard\Debug\link.13080-rc.write.1.tlog
G:\vs2012_prj\chessboard\chessboard\Debug\link.13080.read.1.tlog
G:\vs2012_prj\chessboard\chessboard\Debug\link.13080.write.1.tlog
G:\vs2012_prj\chessboard\chessboard\Debug\link.command.1.tlog
G:\vs2012_prj\chessboard\chessboard\Debug\link.read.1.tlog
G:\vs2012_prj\chessboard\chessboard\Debug\link.write.1.tlog
G:\vs2012_prj\chessboard\chessboard\Debug\rc.command.1.tlog
G:\vs2012_prj\chessboard\chessboard\Debug\rc.read.1.tlog
G:\vs2012_prj\chessboard\chessboard\Debug\rc.write.1.tlog
G:\vs2012_prj\chessboard\chessboard\Debug\chessboard.res
G:\vs2012_prj\chessboard\chessboard\Debug\chessboard.pch
G:\vs2012_prj\chessboard\chessboard\Debug\vc110.idb
G:\vs2012_prj\chessboard\chessboard\Debug\vc110.pdb
G:\vs2012_prj\chessboard\Debug\chessboard.pdb
G:\vs2012_prj\chessboard\Debug\chessboard.exe
G:\vs2012_prj\chessboard\Debug\chessboard.ilk
