生成启动时间为 2017-10-19 16:43:46。
     1>项目“G:\vs2012_prj\chessboard\chessboard\chessboard.vcxproj”在节点 2 上(Build 个目标)。
     1>ClCompile:
         D:\Program Files (x86)\Microsoft Visual Studio 11.0\VC\bin\CL.exe /c /ZI /nologo /W3 /WX- /sdl /Od /Oy- /D WIN32 /D _WINDOWS /D _DEBUG /D _UNICODE /D UNICODE /D _AFXDLL /Gm /EHsc /RTC1 /MDd /GS /fp:precise /Zc:wchar_t /Zc:forScope /Yu"stdafx.h" /Fp"Debug\chessboard.pch" /Fo"Debug\\" /Fd"Debug\vc110.pdb" /Gd /TP /analyze- /errorReport:prompt ClassView.cpp FileView.cpp MainFrm.cpp OutputWnd.cpp PropertiesWnd.cpp chessboard.cpp chessboardDoc.cpp chessboardView.cpp
         chessboardView.cpp
         正在生成代码...
         正在跳过...(未检测到相关更改)
         chessboardDoc.cpp
         chessboard.cpp
         PropertiesWnd.cpp
         OutputWnd.cpp
         MainFrm.cpp
         FileView.cpp
         ClassView.cpp
       ResourceCompile:
         C:\Program Files (x86)\Windows Kits\8.0\bin\x86\rc.exe /D _DEBUG /D _UNICODE /D UNICODE /D _AFXDLL /l"0x0804" /IDebug\ /nologo /fo"Debug\chessboard.res" chessboard.rc 
       Link:
         D:\Program Files (x86)\Microsoft Visual Studio 11.0\VC\bin\link.exe /ERRORREPORT:PROMPT /OUT:"G:\vs2012_prj\chessboard\Debug\chessboard.exe" /INCREMENTAL /NOLOGO /MANIFEST /MANIFESTUAC:"level='asInvoker' uiAccess='false'" /manifest:embed /manifestinput:"D:\Program Files (x86)\Microsoft Visual Studio 11.0\VC\Include\Manifest\dpiaware.manifest" /DEBUG /PDB:"G:\vs2012_prj\chessboard\Debug\chessboard.pdb" /SUBSYSTEM:WINDOWS /TLBID:1 /ENTRY:"wWinMainCRTStartup" /DYNAMICBASE /NXCOMPAT /IMPLIB:"G:\vs2012_prj\chessboard\Debug\chessboard.lib" /MACHINE:X86 Debug\chessboard.res
         Debug\chessboard.obj
         Debug\chessboardDoc.obj
         Debug\chessboardView.obj
         Debug\ClassView.obj
         Debug\FileView.obj
         Debug\MainFrm.obj
         Debug\OutputWnd.obj
         Debug\PropertiesWnd.obj
         Debug\stdafx.obj
         Debug\ViewTree.obj
         chessboard.vcxproj -> G:\vs2012_prj\chessboard\Debug\chessboard.exe
     1>已完成生成项目“G:\vs2012_prj\chessboard\chessboard\chessboard.vcxproj”(Build 个目标)的操作。

生成成功。

已用时间 00:00:00.94
